2026-04-03 12:48:51 [INFO] potato.authentication: Initialized UserAuthenticator with method: in_memory, require_password: True
2026-04-03 12:48:51 [INFO] potato.item_state_management: ItemStateManager initialized with random_seed=1234
2026-04-03 12:48:51 [INFO] server_utils.front_end: Generating anntotation site at /Users/jeanlee/phd_code/twitter_extraction/potato/venv/lib/python3.13/site-packages/potato/templates
2026-04-03 12:48:51 [INFO] potato.server_utils.schemas.radio: Successfully generated radio layout for origin with 3 options
2026-04-03 12:48:51 [INFO] potato.server_utils.schemas.multiselect: Successfully generated multiselect layout for categories with 17 options
2026-04-03 12:48:51 [INFO] server_utils.front_end: Annotation layout file not found or hash mismatch, generating: /Users/jeanlee/phd_code/twitter_extraction/potato/layouts/task_layout.html
2026-04-03 12:48:51 [INFO] potato.server_utils.schemas.radio: Successfully generated radio layout for origin with 3 options
2026-04-03 12:48:51 [INFO] potato.server_utils.schemas.multiselect: Successfully generated multiselect layout for categories with 17 options
2026-04-03 12:48:51 [INFO] server_utils.front_end: Generated annotation layout file: /Users/jeanlee/phd_code/twitter_extraction/potato/layouts/task_layout.html
2026-04-03 12:48:51 [INFO] potato.server_utils.schemas.radio: Successfully generated radio layout for origin with 3 options
2026-04-03 12:48:51 [INFO] potato.server_utils.schemas.multiselect: Successfully generated multiselect layout for categories with 17 options
2026-04-03 12:48:51 [INFO] server_utils.front_end: Created generated templates directory: /Users/jeanlee/phd_code/twitter_extraction/potato/venv/lib/python3.13/site-packages/potato/templates/generated
2026-04-03 12:48:51 [INFO] potato.flask_server: Loaded user data for 0 users
2026-04-03 12:48:51 [WARNING] potato.server_utils.mturk_apis: boto3 not available, MTurk API disabled
2026-04-03 12:48:51 [INFO] potato.flask_server: Knowledge base manager initialized
2026-04-03 12:48:51 [INFO] potato.flask_server: Password authentication required: True
2026-04-03 12:48:51 [INFO] potato.server_utils.html_sanitizer: Registered HTML sanitization Jinja2 filters
2026-04-03 12:49:12 [WARNING] potato.authentication: Authentication failed: user 'jlee348' does not exist
2026-04-03 12:49:12 [WARNING] potato.flask_server: Login failed for user: jlee348
2026-04-03 12:50:40 [INFO] potato.flask_server: Annotation platform shutdown complete
2026-04-03 12:50:42 [INFO] potato.authentication: Initialized UserAuthenticator with method: in_memory, require_password: True
2026-04-03 12:50:42 [INFO] potato.item_state_management: ItemStateManager initialized with random_seed=1234
2026-04-03 12:50:42 [INFO] server_utils.front_end: Generating anntotation site at /Users/jeanlee/phd_code/twitter_extraction/potato/venv/lib/python3.13/site-packages/potato/templates
2026-04-03 12:50:42 [INFO] potato.server_utils.schemas.radio: Successfully generated radio layout for origin with 3 options
2026-04-03 12:50:42 [INFO] potato.server_utils.schemas.multiselect: Successfully generated multiselect layout for categories with 17 options
2026-04-03 12:50:42 [INFO] server_utils.front_end: Using existing annotation layout file: /Users/jeanlee/phd_code/twitter_extraction/potato/layouts/task_layout.html (hash match)
2026-04-03 12:50:42 [INFO] potato.server_utils.schemas.radio: Successfully generated radio layout for origin with 3 options
2026-04-03 12:50:42 [INFO] potato.server_utils.schemas.multiselect: Successfully generated multiselect layout for categories with 17 options
2026-04-03 12:50:42 [INFO] potato.flask_server: Loaded user data for 0 users
2026-04-03 12:50:42 [WARNING] potato.server_utils.mturk_apis: boto3 not available, MTurk API disabled
2026-04-03 12:50:42 [INFO] potato.flask_server: Knowledge base manager initialized
2026-04-03 12:50:42 [INFO] potato.flask_server: Password authentication required: True
2026-04-03 12:50:42 [INFO] potato.server_utils.html_sanitizer: Registered HTML sanitization Jinja2 filters
2026-04-03 12:50:50 [WARNING] potato.authentication: Authentication failed: user 'jlee348' does not exist
2026-04-03 12:50:50 [WARNING] potato.flask_server: Login failed for user: jlee348
2026-04-03 12:50:54 [WARNING] potato.authentication: Authentication failed: user 'jlee348' does not exist
2026-04-03 12:50:54 [WARNING] potato.flask_server: Login failed for user: jlee348
2026-04-03 12:52:35 [INFO] potato.flask_server: Annotation platform shutdown complete
2026-04-03 12:52:37 [INFO] potato.authentication: Initialized UserAuthenticator with method: in_memory, require_password: True
2026-04-03 12:52:37 [INFO] potato.item_state_management: ItemStateManager initialized with random_seed=1234
2026-04-03 12:52:37 [INFO] server_utils.front_end: Generating anntotation site at /Users/jeanlee/phd_code/twitter_extraction/potato/venv/lib/python3.13/site-packages/potato/templates
2026-04-03 12:52:37 [INFO] potato.server_utils.schemas.radio: Successfully generated radio layout for origin with 3 options
2026-04-03 12:52:37 [INFO] potato.server_utils.schemas.multiselect: Successfully generated multiselect layout for categories with 17 options
2026-04-03 12:52:37 [INFO] server_utils.front_end: Hash mismatch (config or schema code changed), regenerating: /Users/jeanlee/phd_code/twitter_extraction/potato/layouts/task_layout.html
2026-04-03 12:52:37 [INFO] server_utils.front_end: Annotation layout file not found or hash mismatch, generating: /Users/jeanlee/phd_code/twitter_extraction/potato/layouts/task_layout.html
2026-04-03 12:52:37 [INFO] potato.server_utils.schemas.radio: Successfully generated radio layout for origin with 3 options
2026-04-03 12:52:37 [INFO] potato.server_utils.schemas.multiselect: Successfully generated multiselect layout for categories with 17 options
2026-04-03 12:52:37 [INFO] server_utils.front_end: Generated annotation layout file: /Users/jeanlee/phd_code/twitter_extraction/potato/layouts/task_layout.html
2026-04-03 12:52:37 [INFO] potato.server_utils.schemas.radio: Successfully generated radio layout for origin with 3 options
2026-04-03 12:52:37 [INFO] potato.server_utils.schemas.multiselect: Successfully generated multiselect layout for categories with 17 options
2026-04-03 12:52:37 [INFO] potato.flask_server: Loaded user data for 0 users
2026-04-03 12:52:37 [WARNING] potato.server_utils.mturk_apis: boto3 not available, MTurk API disabled
2026-04-03 12:52:37 [INFO] potato.flask_server: Knowledge base manager initialized
2026-04-03 12:52:37 [INFO] potato.flask_server: Password authentication required: True
2026-04-03 12:52:37 [INFO] potato.server_utils.html_sanitizer: Registered HTML sanitization Jinja2 filters
2026-04-03 12:52:46 [WARNING] potato.authentication: Authentication failed: user 'jlee348' does not exist
2026-04-03 12:52:46 [WARNING] potato.flask_server: Login failed for user: jlee348
2026-04-03 12:53:46 [INFO] potato.flask_server: Annotation platform shutdown complete
2026-04-03 12:53:48 [INFO] potato.authentication: Initialized UserAuthenticator with method: in_memory, require_password: True
2026-04-03 12:53:48 [INFO] potato.item_state_management: ItemStateManager initialized with random_seed=1234
2026-04-03 12:53:48 [INFO] server_utils.front_end: Generating anntotation site at /Users/jeanlee/phd_code/twitter_extraction/potato/venv/lib/python3.13/site-packages/potato/templates
2026-04-03 12:53:48 [INFO] potato.server_utils.schemas.radio: Successfully generated radio layout for origin with 3 options
2026-04-03 12:53:48 [INFO] potato.server_utils.schemas.multiselect: Successfully generated multiselect layout for categories with 17 options
2026-04-03 12:53:48 [INFO] server_utils.front_end: Hash mismatch (config or schema code changed), regenerating: /Users/jeanlee/phd_code/twitter_extraction/potato/layouts/task_layout.html
2026-04-03 12:53:48 [INFO] server_utils.front_end: Annotation layout file not found or hash mismatch, generating: /Users/jeanlee/phd_code/twitter_extraction/potato/layouts/task_layout.html
2026-04-03 12:53:48 [INFO] potato.server_utils.schemas.radio: Successfully generated radio layout for origin with 3 options
2026-04-03 12:53:48 [INFO] potato.server_utils.schemas.multiselect: Successfully generated multiselect layout for categories with 17 options
2026-04-03 12:53:48 [INFO] server_utils.front_end: Generated annotation layout file: /Users/jeanlee/phd_code/twitter_extraction/potato/layouts/task_layout.html
2026-04-03 12:53:48 [INFO] potato.server_utils.schemas.radio: Successfully generated radio layout for origin with 3 options
2026-04-03 12:53:48 [INFO] potato.server_utils.schemas.multiselect: Successfully generated multiselect layout for categories with 17 options
2026-04-03 12:53:48 [INFO] potato.flask_server: Loaded user data for 0 users
2026-04-03 12:53:48 [WARNING] potato.server_utils.mturk_apis: boto3 not available, MTurk API disabled
2026-04-03 12:53:48 [INFO] potato.flask_server: Knowledge base manager initialized
2026-04-03 12:53:48 [INFO] potato.flask_server: Password authentication required: True
2026-04-03 12:53:48 [INFO] potato.server_utils.html_sanitizer: Registered HTML sanitization Jinja2 filters
2026-04-03 12:56:32 [INFO] potato.flask_server: Annotation platform shutdown complete
2026-04-03 12:56:35 [INFO] potato.authentication: Initialized UserAuthenticator with method: in_memory, require_password: True
2026-04-03 12:56:35 [INFO] potato.item_state_management: ItemStateManager initialized with random_seed=1234
2026-04-03 12:56:35 [INFO] server_utils.front_end: Generating anntotation site at /Users/jeanlee/phd_code/twitter_extraction/potato/venv/lib/python3.13/site-packages/potato/templates
2026-04-03 12:56:35 [INFO] potato.server_utils.schemas.radio: Successfully generated radio layout for origin with 3 options
2026-04-03 12:56:35 [INFO] potato.server_utils.schemas.multiselect: Successfully generated multiselect layout for categories with 17 options
2026-04-03 12:56:35 [INFO] server_utils.front_end: Hash mismatch (config or schema code changed), regenerating: /Users/jeanlee/phd_code/twitter_extraction/potato/layouts/task_layout.html
2026-04-03 12:56:35 [INFO] server_utils.front_end: Annotation layout file not found or hash mismatch, generating: /Users/jeanlee/phd_code/twitter_extraction/potato/layouts/task_layout.html
2026-04-03 12:56:35 [INFO] potato.server_utils.schemas.radio: Successfully generated radio layout for origin with 3 options
2026-04-03 12:56:35 [INFO] potato.server_utils.schemas.multiselect: Successfully generated multiselect layout for categories with 17 options
2026-04-03 12:56:35 [INFO] server_utils.front_end: Generated annotation layout file: /Users/jeanlee/phd_code/twitter_extraction/potato/layouts/task_layout.html
2026-04-03 12:56:35 [INFO] potato.server_utils.schemas.radio: Successfully generated radio layout for origin with 3 options
2026-04-03 12:56:35 [INFO] potato.server_utils.schemas.multiselect: Successfully generated multiselect layout for categories with 17 options
2026-04-03 12:56:35 [INFO] potato.flask_server: Loaded user data for 0 users
2026-04-03 12:56:35 [WARNING] potato.server_utils.mturk_apis: boto3 not available, MTurk API disabled
2026-04-03 12:56:35 [INFO] potato.flask_server: Knowledge base manager initialized
2026-04-03 12:56:35 [INFO] potato.flask_server: Password authentication required: True
2026-04-03 12:56:35 [INFO] potato.server_utils.html_sanitizer: Registered HTML sanitization Jinja2 filters
2026-04-03 12:58:37 [INFO] potato.flask_server: Annotation platform shutdown complete
2026-04-03 12:58:40 [INFO] potato.authentication: Initialized UserAuthenticator with method: in_memory, require_password: True
2026-04-03 12:58:40 [INFO] potato.item_state_management: ItemStateManager initialized with random_seed=1234
2026-04-03 12:58:40 [INFO] server_utils.front_end: Generating anntotation site at /Users/jeanlee/phd_code/twitter_extraction/potato/venv/lib/python3.13/site-packages/potato/templates
2026-04-03 12:58:40 [INFO] potato.server_utils.schemas.radio: Successfully generated radio layout for origin with 3 options
2026-04-03 12:58:40 [INFO] potato.server_utils.schemas.multiselect: Successfully generated multiselect layout for categories with 17 options
2026-04-03 12:58:40 [INFO] server_utils.front_end: Using existing annotation layout file: /Users/jeanlee/phd_code/twitter_extraction/potato/layouts/task_layout.html (hash match)
2026-04-03 12:58:40 [INFO] potato.server_utils.schemas.radio: Successfully generated radio layout for origin with 3 options
2026-04-03 12:58:40 [INFO] potato.server_utils.schemas.multiselect: Successfully generated multiselect layout for categories with 17 options
2026-04-03 12:58:40 [INFO] potato.flask_server: Loaded user data for 0 users
2026-04-03 12:58:40 [WARNING] potato.server_utils.mturk_apis: boto3 not available, MTurk API disabled
2026-04-03 12:58:40 [INFO] potato.flask_server: Knowledge base manager initialized
2026-04-03 12:58:40 [INFO] potato.flask_server: Password authentication required: True
2026-04-03 12:58:40 [INFO] potato.server_utils.html_sanitizer: Registered HTML sanitization Jinja2 filters
2026-04-03 13:01:14 [INFO] potato.flask_server: Annotation platform shutdown complete
2026-04-03 13:01:16 [INFO] potato.authentication: Initialized UserAuthenticator with method: in_memory, require_password: True
2026-04-03 13:01:16 [INFO] potato.item_state_management: ItemStateManager initialized with random_seed=1234
2026-04-03 13:01:16 [INFO] server_utils.front_end: Generating anntotation site at /Users/jeanlee/phd_code/twitter_extraction/potato/venv/lib/python3.13/site-packages/potato/templates
2026-04-03 13:01:16 [INFO] potato.server_utils.schemas.radio: Successfully generated radio layout for origin with 3 options
2026-04-03 13:01:16 [INFO] potato.server_utils.schemas.multiselect: Successfully generated multiselect layout for categories with 17 options
2026-04-03 13:01:16 [INFO] server_utils.front_end: Hash mismatch (config or schema code changed), regenerating: /Users/jeanlee/phd_code/twitter_extraction/potato/layouts/task_layout.html
2026-04-03 13:01:16 [INFO] server_utils.front_end: Annotation layout file not found or hash mismatch, generating: /Users/jeanlee/phd_code/twitter_extraction/potato/layouts/task_layout.html
2026-04-03 13:01:16 [INFO] potato.server_utils.schemas.radio: Successfully generated radio layout for origin with 3 options
2026-04-03 13:01:16 [INFO] potato.server_utils.schemas.multiselect: Successfully generated multiselect layout for categories with 17 options
2026-04-03 13:01:16 [INFO] server_utils.front_end: Generated annotation layout file: /Users/jeanlee/phd_code/twitter_extraction/potato/layouts/task_layout.html
2026-04-03 13:01:16 [INFO] potato.server_utils.schemas.radio: Successfully generated radio layout for origin with 3 options
2026-04-03 13:01:16 [INFO] potato.server_utils.schemas.multiselect: Successfully generated multiselect layout for categories with 17 options
2026-04-03 13:01:16 [INFO] potato.flask_server: Loaded user data for 0 users
2026-04-03 13:01:16 [WARNING] potato.server_utils.mturk_apis: boto3 not available, MTurk API disabled
2026-04-03 13:01:16 [INFO] potato.flask_server: Knowledge base manager initialized
2026-04-03 13:01:16 [INFO] potato.flask_server: Password authentication required: True
2026-04-03 13:01:16 [INFO] potato.server_utils.html_sanitizer: Registered HTML sanitization Jinja2 filters
2026-04-03 13:01:31 [INFO] potato.flask_server: Annotation platform shutdown complete
2026-04-03 13:03:34 [INFO] potato.authentication: Initialized UserAuthenticator with method: in_memory, require_password: True
2026-04-03 13:03:34 [INFO] potato.item_state_management: ItemStateManager initialized with random_seed=1234
2026-04-03 13:03:34 [INFO] server_utils.front_end: Generating anntotation site at /Users/jeanlee/phd_code/twitter_extraction/potato/venv/lib/python3.13/site-packages/potato/templates
2026-04-03 13:03:34 [INFO] potato.server_utils.schemas.radio: Successfully generated radio layout for origin with 3 options
2026-04-03 13:03:34 [INFO] potato.server_utils.schemas.multiselect: Successfully generated multiselect layout for categories with 17 options
2026-04-03 13:03:34 [INFO] server_utils.front_end: Hash mismatch (config or schema code changed), regenerating: /Users/jeanlee/phd_code/twitter_extraction/potato/layouts/task_layout.html
2026-04-03 13:03:34 [INFO] server_utils.front_end: Annotation layout file not found or hash mismatch, generating: /Users/jeanlee/phd_code/twitter_extraction/potato/layouts/task_layout.html
2026-04-03 13:03:34 [INFO] potato.server_utils.schemas.radio: Successfully generated radio layout for origin with 3 options
2026-04-03 13:03:34 [INFO] potato.server_utils.schemas.multiselect: Successfully generated multiselect layout for categories with 17 options
2026-04-03 13:03:34 [INFO] server_utils.front_end: Generated annotation layout file: /Users/jeanlee/phd_code/twitter_extraction/potato/layouts/task_layout.html
2026-04-03 13:03:34 [INFO] potato.server_utils.schemas.radio: Successfully generated radio layout for origin with 3 options
2026-04-03 13:03:34 [INFO] potato.server_utils.schemas.multiselect: Successfully generated multiselect layout for categories with 17 options
2026-04-03 13:03:34 [INFO] potato.flask_server: Loaded user data for 0 users
2026-04-03 13:03:34 [WARNING] potato.server_utils.mturk_apis: boto3 not available, MTurk API disabled
2026-04-03 13:03:34 [INFO] potato.flask_server: Knowledge base manager initialized
2026-04-03 13:03:34 [INFO] potato.flask_server: Password authentication required: True
2026-04-03 13:03:34 [INFO] potato.server_utils.html_sanitizer: Registered HTML sanitization Jinja2 filters
2026-04-03 13:03:55 [INFO] potato.flask_server: Annotation platform shutdown complete
2026-04-03 13:03:57 [INFO] potato.authentication: Initialized UserAuthenticator with method: in_memory, require_password: True
2026-04-03 13:03:57 [INFO] potato.item_state_management: ItemStateManager initialized with random_seed=1234
2026-04-03 13:03:57 [INFO] server_utils.front_end: Generating anntotation site at /Users/jeanlee/phd_code/twitter_extraction/potato/venv/lib/python3.13/site-packages/potato/templates
2026-04-03 13:03:57 [INFO] potato.server_utils.schemas.radio: Successfully generated radio layout for origin with 3 options
2026-04-03 13:03:57 [INFO] potato.server_utils.schemas.multiselect: Successfully generated multiselect layout for categories with 17 options
2026-04-03 13:03:57 [INFO] server_utils.front_end: Hash mismatch (config or schema code changed), regenerating: /Users/jeanlee/phd_code/twitter_extraction/potato/layouts/task_layout.html
2026-04-03 13:03:57 [INFO] server_utils.front_end: Annotation layout file not found or hash mismatch, generating: /Users/jeanlee/phd_code/twitter_extraction/potato/layouts/task_layout.html
2026-04-03 13:03:57 [INFO] potato.server_utils.schemas.radio: Successfully generated radio layout for origin with 3 options
2026-04-03 13:03:57 [INFO] potato.server_utils.schemas.multiselect: Successfully generated multiselect layout for categories with 17 options
2026-04-03 13:03:57 [INFO] server_utils.front_end: Generated annotation layout file: /Users/jeanlee/phd_code/twitter_extraction/potato/layouts/task_layout.html
2026-04-03 13:03:57 [INFO] potato.server_utils.schemas.radio: Successfully generated radio layout for origin with 3 options
2026-04-03 13:03:57 [INFO] potato.server_utils.schemas.multiselect: Successfully generated multiselect layout for categories with 17 options
2026-04-03 13:03:57 [INFO] potato.flask_server: Loaded user data for 0 users
2026-04-03 13:03:57 [WARNING] potato.server_utils.mturk_apis: boto3 not available, MTurk API disabled
2026-04-03 13:03:57 [INFO] potato.flask_server: Knowledge base manager initialized
2026-04-03 13:03:57 [INFO] potato.flask_server: Password authentication required: True
2026-04-03 13:03:57 [INFO] potato.server_utils.html_sanitizer: Registered HTML sanitization Jinja2 filters
2026-04-03 13:04:02 [WARNING] potato.authentication: Authentication failed: user 'jlee348' does not exist
2026-04-03 13:04:02 [WARNING] potato.flask_server: Login failed for user: jlee348
2026-04-03 13:04:47 [INFO] potato.flask_server: Annotation platform shutdown complete
2026-04-03 13:07:56 [INFO] potato.authentication: Initialized UserAuthenticator with method: in_memory, require_password: True
2026-04-03 13:07:56 [INFO] potato.item_state_management: ItemStateManager initialized with random_seed=1234
2026-04-03 13:07:56 [INFO] server_utils.front_end: Generating anntotation site at /Users/jeanlee/phd_code/twitter_extraction/potato/venv/lib/python3.13/site-packages/potato/templates
2026-04-03 13:07:56 [INFO] potato.server_utils.schemas.radio: Successfully generated radio layout for origin with 3 options
2026-04-03 13:07:56 [INFO] potato.server_utils.schemas.multiselect: Successfully generated multiselect layout for categories with 17 options
2026-04-03 13:07:56 [INFO] server_utils.front_end: Hash mismatch (config or schema code changed), regenerating: /Users/jeanlee/phd_code/twitter_extraction/potato/layouts/task_layout.html
2026-04-03 13:07:56 [INFO] server_utils.front_end: Annotation layout file not found or hash mismatch, generating: /Users/jeanlee/phd_code/twitter_extraction/potato/layouts/task_layout.html
2026-04-03 13:07:56 [INFO] potato.server_utils.schemas.radio: Successfully generated radio layout for origin with 3 options
2026-04-03 13:07:56 [INFO] potato.server_utils.schemas.multiselect: Successfully generated multiselect layout for categories with 17 options
2026-04-03 13:07:56 [INFO] server_utils.front_end: Generated annotation layout file: /Users/jeanlee/phd_code/twitter_extraction/potato/layouts/task_layout.html
2026-04-03 13:07:56 [INFO] potato.server_utils.schemas.radio: Successfully generated radio layout for origin with 3 options
2026-04-03 13:07:56 [INFO] potato.server_utils.schemas.multiselect: Successfully generated multiselect layout for categories with 17 options
2026-04-03 13:07:56 [INFO] potato.flask_server: Loaded user data for 0 users
2026-04-03 13:07:56 [WARNING] potato.server_utils.mturk_apis: boto3 not available, MTurk API disabled
2026-04-03 13:07:56 [INFO] potato.flask_server: Knowledge base manager initialized
2026-04-03 13:07:56 [INFO] potato.flask_server: Password authentication required: True
2026-04-03 13:07:56 [INFO] potato.server_utils.html_sanitizer: Registered HTML sanitization Jinja2 filters
2026-04-03 13:08:20 [INFO] potato.flask_server: Annotation platform shutdown complete
2026-04-03 13:11:14 [INFO] potato.authentication: Initialized UserAuthenticator with method: in_memory, require_password: True
2026-04-03 13:11:14 [INFO] potato.item_state_management: ItemStateManager initialized with random_seed=1234
2026-04-03 13:11:14 [INFO] server_utils.front_end: Generating anntotation site at /Users/jeanlee/phd_code/twitter_extraction/potato/venv/lib/python3.13/site-packages/potato/templates
2026-04-03 13:11:14 [INFO] potato.server_utils.schemas.radio: Successfully generated radio layout for origin with 3 options
2026-04-03 13:11:14 [INFO] potato.server_utils.schemas.multiselect: Successfully generated multiselect layout for categories with 17 options
2026-04-03 13:11:14 [INFO] server_utils.front_end: Hash mismatch (config or schema code changed), regenerating: /Users/jeanlee/phd_code/twitter_extraction/potato/layouts/task_layout.html
2026-04-03 13:11:14 [INFO] server_utils.front_end: Annotation layout file not found or hash mismatch, generating: /Users/jeanlee/phd_code/twitter_extraction/potato/layouts/task_layout.html
2026-04-03 13:11:14 [INFO] potato.server_utils.schemas.radio: Successfully generated radio layout for origin with 3 options
2026-04-03 13:11:14 [INFO] potato.server_utils.schemas.multiselect: Successfully generated multiselect layout for categories with 17 options
2026-04-03 13:11:14 [INFO] server_utils.front_end: Generated annotation layout file: /Users/jeanlee/phd_code/twitter_extraction/potato/layouts/task_layout.html
2026-04-03 13:11:14 [INFO] potato.server_utils.schemas.radio: Successfully generated radio layout for origin with 3 options
2026-04-03 13:11:14 [INFO] potato.server_utils.schemas.multiselect: Successfully generated multiselect layout for categories with 17 options
2026-04-03 13:11:14 [INFO] potato.flask_server: Loaded user data for 0 users
2026-04-03 13:11:14 [WARNING] potato.server_utils.mturk_apis: boto3 not available, MTurk API disabled
2026-04-03 13:11:14 [INFO] potato.flask_server: Knowledge base manager initialized
2026-04-03 13:11:14 [INFO] potato.flask_server: Password authentication required: True
2026-04-03 13:11:14 [INFO] potato.server_utils.html_sanitizer: Registered HTML sanitization Jinja2 filters
2026-04-03 13:14:43 [INFO] potato.flask_server: Annotation platform shutdown complete
2026-04-03 13:14:45 [INFO] potato.authentication: Initialized UserAuthenticator with method: in_memory, require_password: True
2026-04-03 13:14:45 [INFO] potato.item_state_management: ItemStateManager initialized with random_seed=1234
2026-04-03 13:14:45 [INFO] server_utils.front_end: Generating anntotation site at /Users/jeanlee/phd_code/twitter_extraction/potato/venv/lib/python3.13/site-packages/potato/templates
2026-04-03 13:14:45 [INFO] potato.server_utils.schemas.radio: Successfully generated radio layout for origin with 3 options
2026-04-03 13:14:45 [INFO] potato.server_utils.schemas.multiselect: Successfully generated multiselect layout for categories with 17 options
2026-04-03 13:14:45 [INFO] server_utils.front_end: Hash mismatch (config or schema code changed), regenerating: /Users/jeanlee/phd_code/twitter_extraction/potato/layouts/task_layout.html
2026-04-03 13:14:45 [INFO] server_utils.front_end: Annotation layout file not found or hash mismatch, generating: /Users/jeanlee/phd_code/twitter_extraction/potato/layouts/task_layout.html
2026-04-03 13:14:45 [INFO] potato.server_utils.schemas.radio: Successfully generated radio layout for origin with 3 options
2026-04-03 13:14:45 [INFO] potato.server_utils.schemas.multiselect: Successfully generated multiselect layout for categories with 17 options
2026-04-03 13:14:45 [INFO] server_utils.front_end: Generated annotation layout file: /Users/jeanlee/phd_code/twitter_extraction/potato/layouts/task_layout.html
2026-04-03 13:14:45 [INFO] potato.server_utils.schemas.radio: Successfully generated radio layout for origin with 3 options
2026-04-03 13:14:45 [INFO] potato.server_utils.schemas.multiselect: Successfully generated multiselect layout for categories with 17 options
2026-04-03 13:14:45 [INFO] potato.flask_server: Loaded user data for 0 users
2026-04-03 13:14:45 [WARNING] potato.server_utils.mturk_apis: boto3 not available, MTurk API disabled
2026-04-03 13:14:45 [INFO] potato.flask_server: Knowledge base manager initialized
2026-04-03 13:14:45 [INFO] potato.flask_server: Password authentication required: True
2026-04-03 13:14:45 [INFO] potato.server_utils.html_sanitizer: Registered HTML sanitization Jinja2 filters
2026-04-03 13:15:40 [INFO] potato.flask_server: Annotation platform shutdown complete
2026-04-03 13:15:45 [INFO] potato.authentication: Initialized UserAuthenticator with method: in_memory, require_password: True
2026-04-03 13:15:45 [INFO] potato.item_state_management: ItemStateManager initialized with random_seed=1234
2026-04-03 13:15:45 [INFO] server_utils.front_end: Generating anntotation site at /Users/jeanlee/phd_code/twitter_extraction/potato/venv/lib/python3.13/site-packages/potato/templates
2026-04-03 13:15:45 [INFO] potato.server_utils.schemas.radio: Successfully generated radio layout for origin with 3 options
2026-04-03 13:15:45 [INFO] potato.server_utils.schemas.multiselect: Successfully generated multiselect layout for categories with 17 options
2026-04-03 13:15:45 [INFO] server_utils.front_end: Hash mismatch (config or schema code changed), regenerating: /Users/jeanlee/phd_code/twitter_extraction/potato/layouts/task_layout.html
2026-04-03 13:15:45 [INFO] server_utils.front_end: Annotation layout file not found or hash mismatch, generating: /Users/jeanlee/phd_code/twitter_extraction/potato/layouts/task_layout.html
2026-04-03 13:15:45 [INFO] potato.server_utils.schemas.radio: Successfully generated radio layout for origin with 3 options
2026-04-03 13:15:45 [INFO] potato.server_utils.schemas.multiselect: Successfully generated multiselect layout for categories with 17 options
2026-04-03 13:15:45 [INFO] server_utils.front_end: Generated annotation layout file: /Users/jeanlee/phd_code/twitter_extraction/potato/layouts/task_layout.html
2026-04-03 13:15:45 [INFO] potato.server_utils.schemas.radio: Successfully generated radio layout for origin with 3 options
2026-04-03 13:15:45 [INFO] potato.server_utils.schemas.multiselect: Successfully generated multiselect layout for categories with 17 options
2026-04-03 13:15:45 [INFO] potato.flask_server: Loaded user data for 0 users
2026-04-03 13:15:45 [WARNING] potato.server_utils.mturk_apis: boto3 not available, MTurk API disabled
2026-04-03 13:15:45 [INFO] potato.flask_server: Knowledge base manager initialized
2026-04-03 13:15:45 [INFO] potato.flask_server: Password authentication required: True
2026-04-03 13:15:45 [INFO] potato.server_utils.html_sanitizer: Registered HTML sanitization Jinja2 filters
2026-04-03 13:20:02 [INFO] potato.flask_server: Annotation platform shutdown complete
2026-04-03 13:20:04 [INFO] potato.authentication: Initialized UserAuthenticator with method: in_memory, require_password: True
2026-04-03 13:20:04 [INFO] potato.item_state_management: ItemStateManager initialized with random_seed=1234
2026-04-03 13:20:04 [INFO] server_utils.front_end: Generating anntotation site at /Users/jeanlee/phd_code/twitter_extraction/potato/venv/lib/python3.13/site-packages/potato/templates
2026-04-03 13:20:04 [INFO] potato.server_utils.schemas.radio: Successfully generated radio layout for origin with 3 options
2026-04-03 13:20:04 [INFO] potato.server_utils.schemas.multiselect: Successfully generated multiselect layout for categories with 17 options
2026-04-03 13:20:04 [INFO] server_utils.front_end: Hash mismatch (config or schema code changed), regenerating: /Users/jeanlee/phd_code/twitter_extraction/potato/layouts/task_layout.html
2026-04-03 13:20:04 [INFO] server_utils.front_end: Annotation layout file not found or hash mismatch, generating: /Users/jeanlee/phd_code/twitter_extraction/potato/layouts/task_layout.html
2026-04-03 13:20:04 [INFO] potato.server_utils.schemas.radio: Successfully generated radio layout for origin with 3 options
2026-04-03 13:20:04 [INFO] potato.server_utils.schemas.multiselect: Successfully generated multiselect layout for categories with 17 options
2026-04-03 13:20:04 [INFO] server_utils.front_end: Generated annotation layout file: /Users/jeanlee/phd_code/twitter_extraction/potato/layouts/task_layout.html
2026-04-03 13:20:04 [INFO] potato.server_utils.schemas.radio: Successfully generated radio layout for origin with 3 options
2026-04-03 13:20:04 [INFO] potato.server_utils.schemas.multiselect: Successfully generated multiselect layout for categories with 17 options
2026-04-03 13:20:04 [INFO] potato.flask_server: Loaded user data for 0 users
2026-04-03 13:20:04 [WARNING] potato.server_utils.mturk_apis: boto3 not available, MTurk API disabled
2026-04-03 13:20:04 [INFO] potato.flask_server: Knowledge base manager initialized
2026-04-03 13:20:04 [INFO] potato.flask_server: Password authentication required: True
2026-04-03 13:20:04 [INFO] potato.server_utils.html_sanitizer: Registered HTML sanitization Jinja2 filters
2026-04-03 13:23:51 [INFO] potato.flask_server: Annotation platform shutdown complete
2026-04-03 13:23:54 [INFO] potato.authentication: Initialized UserAuthenticator with method: in_memory, require_password: True
2026-04-03 13:23:54 [INFO] potato.item_state_management: ItemStateManager initialized with random_seed=1234
2026-04-03 13:23:54 [INFO] server_utils.front_end: Generating anntotation site at /Users/jeanlee/phd_code/twitter_extraction/potato/venv/lib/python3.13/site-packages/potato/templates
2026-04-03 13:23:54 [INFO] potato.server_utils.schemas.radio: Successfully generated radio layout for origin with 3 options
2026-04-03 13:23:54 [INFO] potato.server_utils.schemas.multiselect: Successfully generated multiselect layout for categories with 17 options
2026-04-03 13:23:54 [INFO] server_utils.front_end: Hash mismatch (config or schema code changed), regenerating: /Users/jeanlee/phd_code/twitter_extraction/potato/layouts/task_layout.html
2026-04-03 13:23:54 [INFO] server_utils.front_end: Annotation layout file not found or hash mismatch, generating: /Users/jeanlee/phd_code/twitter_extraction/potato/layouts/task_layout.html
2026-04-03 13:23:54 [INFO] potato.server_utils.schemas.radio: Successfully generated radio layout for origin with 3 options
2026-04-03 13:23:54 [INFO] potato.server_utils.schemas.multiselect: Successfully generated multiselect layout for categories with 17 options
2026-04-03 13:23:54 [INFO] server_utils.front_end: Generated annotation layout file: /Users/jeanlee/phd_code/twitter_extraction/potato/layouts/task_layout.html
2026-04-03 13:23:54 [INFO] potato.server_utils.schemas.radio: Successfully generated radio layout for origin with 3 options
2026-04-03 13:23:54 [INFO] potato.server_utils.schemas.multiselect: Successfully generated multiselect layout for categories with 17 options
2026-04-03 13:23:54 [INFO] potato.flask_server: Loaded user data for 0 users
2026-04-03 13:23:54 [WARNING] potato.server_utils.mturk_apis: boto3 not available, MTurk API disabled
2026-04-03 13:23:54 [INFO] potato.flask_server: Knowledge base manager initialized
2026-04-03 13:23:54 [INFO] potato.flask_server: Password authentication required: True
2026-04-03 13:23:54 [INFO] potato.server_utils.html_sanitizer: Registered HTML sanitization Jinja2 filters
2026-04-03 13:24:55 [INFO] potato.flask_server: Annotation platform shutdown complete
2026-04-03 13:24:57 [INFO] potato.authentication: Initialized UserAuthenticator with method: in_memory, require_password: True
2026-04-03 13:24:57 [INFO] potato.item_state_management: ItemStateManager initialized with random_seed=1234
2026-04-03 13:24:57 [INFO] server_utils.front_end: Generating anntotation site at /Users/jeanlee/phd_code/twitter_extraction/potato/venv/lib/python3.13/site-packages/potato/templates
2026-04-03 13:24:57 [INFO] potato.server_utils.schemas.radio: Successfully generated radio layout for origin with 3 options
2026-04-03 13:24:57 [INFO] potato.server_utils.schemas.multiselect: Successfully generated multiselect layout for categories with 17 options
2026-04-03 13:24:57 [INFO] server_utils.front_end: Hash mismatch (config or schema code changed), regenerating: /Users/jeanlee/phd_code/twitter_extraction/potato/layouts/task_layout.html
2026-04-03 13:24:57 [INFO] server_utils.front_end: Annotation layout file not found or hash mismatch, generating: /Users/jeanlee/phd_code/twitter_extraction/potato/layouts/task_layout.html
2026-04-03 13:24:57 [INFO] potato.server_utils.schemas.radio: Successfully generated radio layout for origin with 3 options
2026-04-03 13:24:57 [INFO] potato.server_utils.schemas.multiselect: Successfully generated multiselect layout for categories with 17 options
2026-04-03 13:24:57 [INFO] server_utils.front_end: Generated annotation layout file: /Users/jeanlee/phd_code/twitter_extraction/potato/layouts/task_layout.html
2026-04-03 13:24:57 [INFO] potato.server_utils.schemas.radio: Successfully generated radio layout for origin with 3 options
2026-04-03 13:24:57 [INFO] potato.server_utils.schemas.multiselect: Successfully generated multiselect layout for categories with 17 options
2026-04-03 13:24:57 [INFO] potato.flask_server: Loaded user data for 0 users
2026-04-03 13:24:57 [WARNING] potato.server_utils.mturk_apis: boto3 not available, MTurk API disabled
2026-04-03 13:24:57 [INFO] potato.flask_server: Knowledge base manager initialized
2026-04-03 13:24:57 [INFO] potato.flask_server: Password authentication required: True
2026-04-03 13:24:57 [INFO] potato.server_utils.html_sanitizer: Registered HTML sanitization Jinja2 filters
2026-04-03 13:28:36 [INFO] potato.flask_server: Annotation platform shutdown complete
2026-04-03 13:28:38 [INFO] potato.authentication: Initialized UserAuthenticator with method: in_memory, require_password: True
2026-04-03 13:28:38 [INFO] potato.item_state_management: ItemStateManager initialized with random_seed=1234
2026-04-03 13:28:38 [INFO] server_utils.front_end: Generating anntotation site at /Users/jeanlee/phd_code/twitter_extraction/potato/venv/lib/python3.13/site-packages/potato/templates
2026-04-03 13:28:38 [INFO] potato.server_utils.schemas.radio: Successfully generated radio layout for origin with 3 options
2026-04-03 13:28:38 [INFO] potato.server_utils.schemas.multiselect: Successfully generated multiselect layout for categories with 17 options
2026-04-03 13:28:38 [INFO] server_utils.front_end: Using existing annotation layout file: /Users/jeanlee/phd_code/twitter_extraction/potato/layouts/task_layout.html (hash match)
2026-04-03 13:28:38 [INFO] potato.server_utils.schemas.radio: Successfully generated radio layout for origin with 3 options
2026-04-03 13:28:38 [INFO] potato.server_utils.schemas.multiselect: Successfully generated multiselect layout for categories with 17 options
2026-04-03 13:28:38 [INFO] potato.flask_server: Loaded user data for 1 users
2026-04-03 13:28:38 [WARNING] potato.server_utils.mturk_apis: boto3 not available, MTurk API disabled
2026-04-03 13:28:38 [INFO] potato.flask_server: Knowledge base manager initialized
2026-04-03 13:28:38 [INFO] potato.flask_server: Password authentication required: True
2026-04-03 13:28:38 [INFO] potato.server_utils.html_sanitizer: Registered HTML sanitization Jinja2 filters
2026-04-03 13:29:06 [INFO] potato.flask_server: User logged out successfully
2026-04-03 13:29:15 [WARNING] potato.flask_server: Registration failed for 'jlee348': Duplicate user
2026-04-03 13:29:25 [WARNING] potato.authentication: Authentication failed: user 'newuser' does not exist
2026-04-03 13:29:25 [WARNING] potato.flask_server: Login failed for user: newuser
2026-04-03 13:29:29 [WARNING] potato.authentication: Authentication failed: user 'newuser' does not exist
2026-04-03 13:29:29 [WARNING] potato.flask_server: Login failed for user: newuser
2026-04-03 13:29:42 [INFO] potato.flask_server: User logged out successfully
2026-04-03 13:32:21 [INFO] potato.flask_server: Annotation platform shutdown complete
2026-04-03 13:32:25 [INFO] potato.authentication: Initialized UserAuthenticator with method: in_memory, require_password: True
2026-04-03 13:32:25 [INFO] potato.item_state_management: ItemStateManager initialized with random_seed=1234
2026-04-03 13:32:25 [INFO] server_utils.front_end: Generating anntotation site at /Users/jeanlee/phd_code/twitter_extraction/potato/venv/lib/python3.13/site-packages/potato/templates
2026-04-03 13:32:25 [INFO] potato.server_utils.schemas.radio: Successfully generated radio layout for origin with 3 options
2026-04-03 13:32:25 [INFO] potato.server_utils.schemas.multiselect: Successfully generated multiselect layout for categories with 17 options
2026-04-03 13:32:25 [INFO] server_utils.front_end: Using existing annotation layout file: /Users/jeanlee/phd_code/twitter_extraction/potato/layouts/task_layout.html (hash match)
2026-04-03 13:32:25 [INFO] potato.server_utils.schemas.radio: Successfully generated radio layout for origin with 3 options
2026-04-03 13:32:25 [INFO] potato.server_utils.schemas.multiselect: Successfully generated multiselect layout for categories with 17 options
2026-04-03 13:32:25 [INFO] potato.flask_server: Loaded user data for 0 users
2026-04-03 13:32:25 [WARNING] potato.server_utils.mturk_apis: boto3 not available, MTurk API disabled
2026-04-03 13:32:25 [INFO] potato.flask_server: Knowledge base manager initialized
2026-04-03 13:32:25 [INFO] potato.flask_server: Password authentication required: True
2026-04-03 13:32:25 [INFO] potato.server_utils.html_sanitizer: Registered HTML sanitization Jinja2 filters
2026-04-03 13:35:42 [INFO] potato.flask_server: Annotation platform shutdown complete
2026-04-03 13:39:52 [INFO] potato.authentication: Initialized UserAuthenticator with method: in_memory, require_password: True
2026-04-03 13:39:52 [INFO] potato.item_state_management: ItemStateManager initialized with random_seed=1234
2026-04-03 13:39:52 [INFO] server_utils.front_end: Generating anntotation site at /Users/jeanlee/phd_code/twitter_extraction/potato/venv/lib/python3.13/site-packages/potato/templates
2026-04-03 13:39:52 [INFO] potato.server_utils.schemas.radio: Successfully generated radio layout for origin with 3 options
2026-04-03 13:39:52 [INFO] potato.server_utils.schemas.multiselect: Successfully generated multiselect layout for categories with 17 options
2026-04-03 13:39:52 [INFO] server_utils.front_end: Using existing annotation layout file: /Users/jeanlee/phd_code/twitter_extraction/potato/layouts/task_layout.html (hash match)
2026-04-03 13:39:52 [INFO] potato.server_utils.schemas.radio: Successfully generated radio layout for origin with 3 options
2026-04-03 13:39:52 [INFO] potato.server_utils.schemas.multiselect: Successfully generated multiselect layout for categories with 17 options
2026-04-03 13:39:52 [INFO] potato.flask_server: Loaded user data for 0 users
2026-04-03 13:39:52 [WARNING] potato.server_utils.mturk_apis: boto3 not available, MTurk API disabled
2026-04-03 13:39:52 [INFO] potato.flask_server: Knowledge base manager initialized
2026-04-03 13:39:52 [INFO] potato.flask_server: Password authentication required: True
2026-04-03 13:39:52 [INFO] potato.server_utils.html_sanitizer: Registered HTML sanitization Jinja2 filters
2026-04-03 13:40:41 [INFO] potato.flask_server: Annotation platform shutdown complete
2026-04-03 13:40:43 [INFO] potato.authentication: Initialized UserAuthenticator with method: in_memory, require_password: True
2026-04-03 13:40:43 [INFO] potato.item_state_management: ItemStateManager initialized with random_seed=1234
2026-04-03 13:40:43 [INFO] server_utils.front_end: Generating anntotation site at /Users/jeanlee/phd_code/twitter_extraction/potato/venv/lib/python3.13/site-packages/potato/templates
2026-04-03 13:40:43 [INFO] potato.server_utils.schemas.radio: Successfully generated radio layout for origin with 3 options
2026-04-03 13:40:43 [INFO] potato.server_utils.schemas.multiselect: Successfully generated multiselect layout for categories with 17 options
2026-04-03 13:40:43 [INFO] server_utils.front_end: Using existing annotation layout file: /Users/jeanlee/phd_code/twitter_extraction/potato/layouts/task_layout.html (hash match)
2026-04-03 13:40:43 [INFO] potato.server_utils.schemas.radio: Successfully generated radio layout for origin with 3 options
2026-04-03 13:40:43 [INFO] potato.server_utils.schemas.multiselect: Successfully generated multiselect layout for categories with 17 options
2026-04-03 13:40:43 [INFO] potato.flask_server: Loaded user data for 0 users
2026-04-03 13:40:43 [WARNING] potato.server_utils.mturk_apis: boto3 not available, MTurk API disabled
2026-04-03 13:40:43 [INFO] potato.flask_server: Knowledge base manager initialized
2026-04-03 13:40:43 [INFO] potato.flask_server: Password authentication required: True
2026-04-03 13:40:43 [INFO] potato.server_utils.html_sanitizer: Registered HTML sanitization Jinja2 filters
2026-04-03 13:53:36 [INFO] potato.flask_server: Annotation platform shutdown complete
2026-04-03 13:53:44 [INFO] potato.authentication: Initialized UserAuthenticator with method: in_memory, require_password: True
2026-04-03 13:53:44 [INFO] potato.item_state_management: ItemStateManager initialized with random_seed=1234
2026-04-03 13:53:44 [INFO] server_utils.front_end: Generating anntotation site at /Users/jeanlee/phd_code/twitter_extraction/potato/venv/lib/python3.13/site-packages/potato/templates
2026-04-03 13:53:44 [INFO] potato.server_utils.schemas.radio: Successfully generated radio layout for origin with 3 options
2026-04-03 13:53:44 [INFO] potato.server_utils.schemas.multiselect: Successfully generated multiselect layout for categories with 17 options
2026-04-03 13:53:44 [INFO] server_utils.front_end: Using existing annotation layout file: /Users/jeanlee/phd_code/twitter_extraction/potato/layouts/task_layout.html (hash match)
2026-04-03 13:53:44 [INFO] potato.server_utils.schemas.radio: Successfully generated radio layout for origin with 3 options
2026-04-03 13:53:44 [INFO] potato.server_utils.schemas.multiselect: Successfully generated multiselect layout for categories with 17 options
2026-04-03 13:53:44 [INFO] potato.flask_server: Loaded user data for 1 users
2026-04-03 13:53:44 [WARNING] potato.server_utils.mturk_apis: boto3 not available, MTurk API disabled
2026-04-03 13:53:44 [INFO] potato.flask_server: Knowledge base manager initialized
2026-04-03 13:53:44 [INFO] potato.flask_server: Password authentication required: True
2026-04-03 13:53:44 [INFO] potato.server_utils.html_sanitizer: Registered HTML sanitization Jinja2 filters
2026-04-03 13:59:35 [INFO] potato.flask_server: Annotation platform shutdown complete
